Copyright 1986-2014 Xilinx, Inc. All Rights Reserved.
----------------------------------------------------------------------------------------
| Tool Version : Vivado v.2014.4 (win64) Build 1071353 Tue Nov 18 18:29:27 MST 2014
| Date         : Mon Dec 01 19:28:59 2014
| Host         : Black-PC running 64-bit Service Pack 1  (build 7601)
| Command      : report_clock_utilization -file Nexys4fpga_clock_utilization_placed.rpt
| Design       : Nexys4fpga
| Device       : xc7a75t
----------------------------------------------------------------------------------------

Clock Utilization Report

Table of Contents
-----------------
1. Clock Primitive Utilization
2. Details of Global Clocks
3. Details of Regional Clocks
4. Details of Multi-Regional Clocks
5. Details of I/O Clocks
6. Details of Local Clocks
7. Clock Regions : Key Resource Utilization
8. Net wise resources used in clock region X0Y0
9. Net wise resources used in clock region X0Y1
10. Net wise resources used in clock region X1Y1
11. Net wise resources used in clock region X0Y2

1. Clock Primitive Utilization
------------------------------

+-------+------+-----------+-----------+
| Type  | Used | Available | Num Fixed |
+-------+------+-----------+-----------+
| BUFG  |    4 |        32 |         0 |
| BUFH  |    0 |        96 |         0 |
| BUFIO |    0 |        24 |         0 |
| MMCM  |    1 |         6 |         0 |
| PLL   |    0 |         6 |         0 |
| BUFR  |    0 |        24 |         0 |
| BUFMR |    0 |        12 |         0 |
+-------+------+-----------+-----------+


2. Details of Global Clocks
---------------------------

+-------+----------------------------------------------------------------------------+---------------------------------------------------------+--------------+-------+---------------+-----------+
|       |                                                                            |                                                         |   Num Loads  |       |               |           |
+-------+----------------------------------------------------------------------------+---------------------------------------------------------+------+-------+-------+---------------+-----------+
| Index | BUFG Cell                                                                  | Net Name                                                | BELs | Sites | Fixed | MaxDelay (ns) | Skew (ns) |
+-------+----------------------------------------------------------------------------+---------------------------------------------------------+------+-------+-------+---------------+-----------+
|     1 | vga/clk_wiz/inst/clkf_buf                                                  | vga/clk_wiz/inst/clkfbout_buf_clk_wizard                |    1 |     1 |    no |         1.895 |     0.095 |
|     2 | vga/clk_wiz/inst/clkout1_buf                                               | vga/clk_wiz/inst/clk_out1                               |   23 |    10 |    no |         1.866 |     0.157 |
|     3 | hqproj2/instantiate_loader.jtag_loader_6_inst/jtag_loader_gen.upload_clock | hqproj2/instantiate_loader.jtag_loader_6_inst/shift_clk |   32 |    12 |    no |         1.863 |     0.151 |
|     4 | clk_BUFG_inst                                                              | clk_BUFG                                                |  865 |   258 |    no |         2.865 |     1.240 |
+-------+----------------------------------------------------------------------------+---------------------------------------------------------+------+-------+-------+---------------+-----------+


+-------+--------------------------------+--------------------------------------+--------------+-------+---------------+-----------+
|       |                                |                                      |   Num Loads  |       |               |           |
+-------+--------------------------------+--------------------------------------+------+-------+-------+---------------+-----------+
| Index | MMCM Cell                      | Net Name                             | BELs | Sites | Fixed | MaxDelay (ns) | Skew (ns) |
+-------+--------------------------------+--------------------------------------+------+-------+-------+---------------+-----------+
|     1 | vga/clk_wiz/inst/mmcm_adv_inst | vga/clk_wiz/inst/clk_out1_clk_wizard |    1 |     1 |    no |         2.018 |     0.101 |
|     2 | vga/clk_wiz/inst/mmcm_adv_inst | vga/clk_wiz/inst/clkfbout_clk_wizard |    1 |     1 |    no |         2.018 |     0.101 |
+-------+--------------------------------+--------------------------------------+------+-------+-------+---------------+-----------+


3. Details of Regional Clocks
-----------------------------

4. Details of Multi-Regional Clocks
-----------------------------------

5. Details of I/O Clocks
------------------------

6. Details of Local Clocks
--------------------------

+-------+--------------------------------------------------------------------------------------------------+--------------------------------------------------------+--------------+-------+---------------+-----------+
|       |                                                                                                  |                                                        |   Num Loads  |       |               |           |
+-------+--------------------------------------------------------------------------------------------------+--------------------------------------------------------+------+-------+-------+---------------+-----------+
| Index | Local Clk Src                                                                                    | Net Name                                               | BELs | Sites | Fixed | MaxDelay (ns) | Skew (ns) |
+-------+--------------------------------------------------------------------------------------------------+--------------------------------------------------------+------+-------+-------+---------------+-----------+
|     1 | hqproj2/instantiate_loader.jtag_loader_6_inst/jtag_loader_gen.BSCAN_7SERIES_gen.BSCAN_BLOCK_inst | hqproj2/instantiate_loader.jtag_loader_6_inst/jtag_clk |    5 |     2 |    no |         0.000 |     0.000 |
|     2 | bot2/MAP/color_reg[11]_i_2                                                                       | bot2/MAP/E[0]                                          |    6 |     2 |    no |         0.788 |     0.236 |
+-------+--------------------------------------------------------------------------------------------------+--------------------------------------------------------+------+-------+-------+---------------+-----------+


7. Clock Regions : Key Resource Utilization
-------------------------------------------

+-------------------+--------------+--------------+--------------+--------------+--------------+--------------+--------------+--------------+--------------+--------------+--------------+--------------+--------------+--------------+--------------+
|                   | Global Clock |     BUFRs    |    BUFMRs    |    BUFIOs    |     MMCM     |      PLL     |      GT      |      PCI     |    ILOGIC    |    OLOGIC    |      FF      |     LUTM     |    RAMB18    |    RAMB36    |    DSP48E1   |
+-------------------+------+-------+------+-------+------+-------+------+-------+------+-------+------+-------+------+-------+------+-------+------+-------+------+-------+------+-------+------+-------+------+-------+------+-------+------+-------+
| Clock Region Name | Used | Avail | Used | Avail | Used | Avail | Used | Avail | Used | Avail | Used | Avail | Used | Avail | Used | Avail | Used | Avail | Used | Avail | Used | Avail | Used | Avail | Used | Avail | Used | Avail | Used | Avail |
+-------------------+------+-------+------+-------+------+-------+------+-------+------+-------+------+-------+------+-------+------+-------+------+-------+------+-------+------+-------+------+-------+------+-------+------+-------+------+-------+
| X0Y0              |    2 |    12 |    0 |     4 |    0 |     2 |    0 |     4 |    1 |     1 |    0 |     1 |    0 |     0 |    0 |     0 |    0 |    50 |    0 |    50 |    0 | 20800 |    0 |  2400 |    0 |    20 |    0 |    10 |    0 |    20 |
| X1Y0              |    0 |    12 |    0 |     0 |    0 |     0 |    0 |     0 |    0 |     0 |    0 |     0 |    0 |     5 |    0 |     0 |    0 |     0 |    0 |     0 |    0 | 12000 |    0 |  2200 |    0 |    40 |    0 |    20 |    0 |    40 |
| X0Y1              |    1 |    12 |    0 |     4 |    0 |     2 |    0 |     4 |    0 |     1 |    0 |     1 |    0 |     0 |    0 |     0 |    0 |    50 |    0 |    50 |   11 | 16000 |    0 |  2400 |    0 |    20 |    0 |    10 |    0 |    20 |
| X1Y1              |    3 |    12 |    0 |     4 |    0 |     2 |    0 |     4 |    0 |     1 |    0 |     1 |    0 |     0 |    0 |     0 |    0 |    50 |    0 |    50 |  706 | 15200 |   80 |  2600 |    1 |    60 |    2 |    30 |    0 |    40 |
| X0Y2              |    1 |    12 |    0 |     4 |    0 |     2 |    0 |     4 |    0 |     1 |    0 |     1 |    0 |     0 |    0 |     0 |    0 |    50 |    0 |    50 |  128 | 16000 |    0 |  2400 |    0 |    20 |    0 |    10 |    0 |    20 |
| X1Y2              |    0 |    12 |    0 |     4 |    0 |     2 |    0 |     4 |    0 |     1 |    0 |     1 |    0 |     0 |    0 |     0 |    0 |    50 |    0 |    50 |    0 | 15200 |    0 |  2600 |    0 |    60 |    0 |    30 |    0 |    40 |
| X0Y3              |    0 |    12 |    0 |     4 |    0 |     2 |    0 |     4 |    0 |     1 |    0 |     1 |    0 |     0 |    0 |     0 |    0 |    50 |    0 |    50 |    0 | 20800 |    0 |  2400 |    0 |    20 |    0 |    10 |    0 |    20 |
| X1Y3              |    0 |    12 |    0 |     0 |    0 |     0 |    0 |     0 |    0 |     0 |    0 |     0 |    0 |     5 |    0 |     1 |    0 |     0 |    0 |     0 |    0 | 10800 |    0 |  2000 |    0 |    30 |    0 |    15 |    0 |    40 |
+-------------------+------+-------+------+-------+------+-------+------+-------+------+-------+------+-------+------+-------+------+-------+------+-------+------+-------+------+-------+------+-------+------+-------+------+-------+------+-------+
* RAMB36 site can be used as two RAMB18/FIFO18 sites


8. Net wise resources used in clock region X0Y0
-----------------------------------------------

+-------------+-------------+-------+-----------+----------+---------+-----------+---------+---------+-----+-------+----------+------------------------------------------+
| Source Type | BUFHCE Site | Fixed | MMCM Pins | PLL Pins | GT Pins | BRAM Pins | ILOGICs | OLOGICs | FFs | LUTMs | DSP48E1s |              Clock Net Name              |
+-------------+-------------+-------+-----------+----------+---------+-----------+---------+---------+-----+-------+----------+------------------------------------------+
| BUFG        |     ---     |   no  |         1 |        0 |       0 |         0 |       0 |       0 |   0 |     0 |        0 | clk_BUFG                                 |
| BUFG        |     ---     |   no  |         1 |        0 |       0 |         0 |       0 |       0 |   0 |     0 |        0 | vga/clk_wiz/inst/clkfbout_buf_clk_wizard |
+-------------+-------------+-------+-----------+----------+---------+-----------+---------+---------+-----+-------+----------+------------------------------------------+


9. Net wise resources used in clock region X0Y1
-----------------------------------------------

+-------------+-------------+-------+-----------+----------+---------+-----------+---------+---------+-----+-------+----------+----------------+
| Source Type | BUFHCE Site | Fixed | MMCM Pins | PLL Pins | GT Pins | BRAM Pins | ILOGICs | OLOGICs | FFs | LUTMs | DSP48E1s | Clock Net Name |
+-------------+-------------+-------+-----------+----------+---------+-----------+---------+---------+-----+-------+----------+----------------+
| BUFG        |     ---     |   no  |         0 |        0 |       0 |         0 |       0 |       0 |  11 |     0 |        0 | clk_BUFG       |
+-------------+-------------+-------+-----------+----------+---------+-----------+---------+---------+-----+-------+----------+----------------+


10. Net wise resources used in clock region X1Y1
------------------------------------------------

+-------------+-------------+-------+-----------+----------+---------+-----------+---------+---------+-----+-------+----------+---------------------------------------------------------+
| Source Type | BUFHCE Site | Fixed | MMCM Pins | PLL Pins | GT Pins | BRAM Pins | ILOGICs | OLOGICs | FFs | LUTMs | DSP48E1s |                      Clock Net Name                     |
+-------------+-------------+-------+-----------+----------+---------+-----------+---------+---------+-----+-------+----------+---------------------------------------------------------+
| BUFG        |     ---     |   no  |         0 |        0 |       0 |         0 |       0 |       0 |  23 |     0 |        0 | vga/clk_wiz/inst/clk_out1                               |
| BUFG        |     ---     |   no  |         0 |        0 |       0 |         0 |       0 |       0 |  32 |     0 |        0 | hqproj2/instantiate_loader.jtag_loader_6_inst/shift_clk |
| BUFG        |     ---     |   no  |         0 |        0 |       0 |         4 |       0 |       0 | 641 |    80 |        0 | clk_BUFG                                                |
+-------------+-------------+-------+-----------+----------+---------+-----------+---------+---------+-----+-------+----------+---------------------------------------------------------+


11. Net wise resources used in clock region X0Y2
------------------------------------------------

+-------------+-------------+-------+-----------+----------+---------+-----------+---------+---------+-----+-------+----------+----------------+
| Source Type | BUFHCE Site | Fixed | MMCM Pins | PLL Pins | GT Pins | BRAM Pins | ILOGICs | OLOGICs | FFs | LUTMs | DSP48E1s | Clock Net Name |
+-------------+-------------+-------+-----------+----------+---------+-----------+---------+---------+-----+-------+----------+----------------+
| BUFG        |     ---     |   no  |         0 |        0 |       0 |         0 |       0 |       0 | 128 |     0 |        0 | clk_BUFG       |
+-------------+-------------+-------+-----------+----------+---------+-----------+---------+---------+-----+-------+----------+----------------+



# Location of BUFG Primitives 
set_property LOC BUFGCTRL_X0Y16 [get_cells clk_BUFG_inst]
set_property LOC BUFGCTRL_X0Y0 [get_cells hqproj2/instantiate_loader.jtag_loader_6_inst/jtag_loader_gen.upload_clock]
set_property LOC BUFGCTRL_X0Y1 [get_cells vga/clk_wiz/inst/clkout1_buf]
set_property LOC BUFGCTRL_X0Y2 [get_cells vga/clk_wiz/inst/clkf_buf]

# Location of IO Clock Primitives

# Location of MMCM Clock Primitives
set_property LOC MMCME2_ADV_X0Y0 [get_cells vga/clk_wiz/inst/mmcm_adv_inst]

# Location of BUFH Clock Primitives

# Location of BUFR Clock Primitives

# Location of BUFMR Clock Primitives

# Location of PLL Clock Primitives

# Location of IO Primitives which is load of clock spine
set_property LOC IOB_X0Y108 [get_cells JA_OBUF[7]_inst]

# Location of clock ports
set_property LOC IOB_X1Y126 [get_ports clk]

# Clock net "bot2/MAP/E[0]" driven by instance "bot2/MAP/color_reg[11]_i_2" located at site "SLICE_X85Y83"
#startgroup
create_pblock CLKAG_bot2/MAP/E[0]
add_cells_to_pblock [get_pblocks  CLKAG_bot2/MAP/E[0]] [get_cells  -filter { IS_PRIMITIVE==1 && PRIMITIVE_LEVEL !=INTERNAL } -of_object [get_pins -filter {DIRECTION==IN} -of_objects [get_nets -hierarchical -filter {PARENT=="bot2/MAP/E[0]"}]]]
resize_pblock [get_pblocks CLKAG_bot2/MAP/E[0]] -add {CLOCKREGION_X0Y0:CLOCKREGION_X0Y0 CLOCKREGION_X0Y1:CLOCKREGION_X0Y1 CLOCKREGION_X0Y2:CLOCKREGION_X0Y2 CLOCKREGION_X0Y3:CLOCKREGION_X0Y3 CLOCKREGION_X1Y0:CLOCKREGION_X1Y0 CLOCKREGION_X1Y1:CLOCKREGION_X1Y1 CLOCKREGION_X1Y2:CLOCKREGION_X1Y2 CLOCKREGION_X1Y3:CLOCKREGION_X1Y3}
#endgroup

# Clock net "clk_BUFG" driven by instance "clk_BUFG_inst" located at site "BUFGCTRL_X0Y16"
#startgroup
create_pblock CLKAG_clk_BUFG
add_cells_to_pblock [get_pblocks  CLKAG_clk_BUFG] [get_cells  -filter { IS_PRIMITIVE==1 && PRIMITIVE_LEVEL !=INTERNAL && NAME!=vga/clk_wiz/inst/mmcm_adv_inst && NAME!=JA_OBUF[7]_inst} -of_object [get_pins -filter {DIRECTION==IN} -of_objects [get_nets -hierarchical -filter {PARENT=="clk_BUFG"}]]]
resize_pblock [get_pblocks CLKAG_clk_BUFG] -add {CLOCKREGION_X0Y0:CLOCKREGION_X0Y0 CLOCKREGION_X0Y1:CLOCKREGION_X0Y1 CLOCKREGION_X0Y2:CLOCKREGION_X0Y2 CLOCKREGION_X0Y3:CLOCKREGION_X0Y3 CLOCKREGION_X1Y0:CLOCKREGION_X1Y0 CLOCKREGION_X1Y1:CLOCKREGION_X1Y1 CLOCKREGION_X1Y2:CLOCKREGION_X1Y2 CLOCKREGION_X1Y3:CLOCKREGION_X1Y3}
#endgroup

# Clock net "hqproj2/instantiate_loader.jtag_loader_6_inst/jtag_clk" driven by instance "hqproj2/instantiate_loader.jtag_loader_6_inst/jtag_loader_gen.BSCAN_7SERIES_gen.BSCAN_BLOCK_inst" located at site "BSCAN_X0Y1"
#startgroup
create_pblock CLKAG_hqproj2/instantiate_loader.jtag_loader_6_inst/jtag_clk
add_cells_to_pblock [get_pblocks  CLKAG_hqproj2/instantiate_loader.jtag_loader_6_inst/jtag_clk] [get_cells  -filter { IS_PRIMITIVE==1 && PRIMITIVE_LEVEL !=INTERNAL } -of_object [get_pins -filter {DIRECTION==IN} -of_objects [get_nets -hierarchical -filter {PARENT=="hqproj2/instantiate_loader.jtag_loader_6_inst/jtag_clk"}]]]
resize_pblock [get_pblocks CLKAG_hqproj2/instantiate_loader.jtag_loader_6_inst/jtag_clk] -add {CLOCKREGION_X0Y0:CLOCKREGION_X0Y0 CLOCKREGION_X0Y1:CLOCKREGION_X0Y1 CLOCKREGION_X0Y2:CLOCKREGION_X0Y2 CLOCKREGION_X0Y3:CLOCKREGION_X0Y3 CLOCKREGION_X1Y0:CLOCKREGION_X1Y0 CLOCKREGION_X1Y1:CLOCKREGION_X1Y1 CLOCKREGION_X1Y2:CLOCKREGION_X1Y2 CLOCKREGION_X1Y3:CLOCKREGION_X1Y3}
#endgroup

# Clock net "hqproj2/instantiate_loader.jtag_loader_6_inst/shift_clk" driven by instance "hqproj2/instantiate_loader.jtag_loader_6_inst/jtag_loader_gen.upload_clock" located at site "BUFGCTRL_X0Y0"
#startgroup
create_pblock CLKAG_hqproj2/instantiate_loader.jtag_loader_6_inst/shift_clk
add_cells_to_pblock [get_pblocks  CLKAG_hqproj2/instantiate_loader.jtag_loader_6_inst/shift_clk] [get_cells  -filter { IS_PRIMITIVE==1 && PRIMITIVE_LEVEL !=INTERNAL } -of_object [get_pins -filter {DIRECTION==IN} -of_objects [get_nets -hierarchical -filter {PARENT=="hqproj2/instantiate_loader.jtag_loader_6_inst/shift_clk"}]]]
resize_pblock [get_pblocks CLKAG_hqproj2/instantiate_loader.jtag_loader_6_inst/shift_clk] -add {CLOCKREGION_X0Y0:CLOCKREGION_X0Y0 CLOCKREGION_X0Y1:CLOCKREGION_X0Y1 CLOCKREGION_X0Y2:CLOCKREGION_X0Y2 CLOCKREGION_X0Y3:CLOCKREGION_X0Y3 CLOCKREGION_X1Y0:CLOCKREGION_X1Y0 CLOCKREGION_X1Y1:CLOCKREGION_X1Y1 CLOCKREGION_X1Y2:CLOCKREGION_X1Y2 CLOCKREGION_X1Y3:CLOCKREGION_X1Y3}
#endgroup

# Clock net "vga/clk_wiz/inst/clk_out1" driven by instance "vga/clk_wiz/inst/clkout1_buf" located at site "BUFGCTRL_X0Y1"
#startgroup
create_pblock CLKAG_vga/clk_wiz/inst/clk_out1
add_cells_to_pblock [get_pblocks  CLKAG_vga/clk_wiz/inst/clk_out1] [get_cells  -filter { IS_PRIMITIVE==1 && PRIMITIVE_LEVEL !=INTERNAL } -of_object [get_pins -filter {DIRECTION==IN} -of_objects [get_nets -hierarchical -filter {PARENT=="vga/clk_wiz/inst/clk_out1"}]]]
resize_pblock [get_pblocks CLKAG_vga/clk_wiz/inst/clk_out1] -add {CLOCKREGION_X0Y0:CLOCKREGION_X0Y0 CLOCKREGION_X0Y1:CLOCKREGION_X0Y1 CLOCKREGION_X0Y2:CLOCKREGION_X0Y2 CLOCKREGION_X0Y3:CLOCKREGION_X0Y3 CLOCKREGION_X1Y0:CLOCKREGION_X1Y0 CLOCKREGION_X1Y1:CLOCKREGION_X1Y1 CLOCKREGION_X1Y2:CLOCKREGION_X1Y2 CLOCKREGION_X1Y3:CLOCKREGION_X1Y3}
#endgroup
